%!Adobe-FontList 1.14
%Locale:0x409

%BeginFont
Handler:DirectoryHandler
FontType:Invalid
OutlineFileName:E:\htdocs\ycs\images\Font\f.gif
FileModTime:1395541070
%EndFont

%BeginFont
Handler:DirectoryHandler
FontType:Invalid
OutlineFileName:E:\htdocs\ycs\images\Font\g.gif
FileModTime:1395541090
%EndFont

%BeginFont
Handler:DirectoryHandler
FontType:Invalid
OutlineFileName:E:\htdocs\ycs\images\Font\l.gif
FileModTime:1395541080
%EndFont

%BeginFont
Handler:DirectoryHandler
FontType:Invalid
OutlineFileName:E:\htdocs\ycs\images\Font\m.gif
FileModTime:1395541058
%EndFont

%BeginFont
Handler:DirectoryHandler
FontType:Invalid
OutlineFileName:E:\htdocs\ycs\images\Font\p.gif
FileModTime:1395541047
%EndFont

%BeginFont
Handler:DirectoryHandler
FontType:Invalid
OutlineFileName:E:\htdocs\ycs\images\Font\s.gif
FileModTime:1395541032
%EndFont

